[
  {
    "level": "INFO",
    "message": "android.ndkVersion from module build.gradle is not set"
  },
  {
    "level": "INFO",
    "message": "ndk.dir in local.properties is /home/kxd/Android/Sdk/ndk/16.1.4479499"
  },
  {
    "level": "INFO",
    "message": "ANDROID_NDK_HOME environment variable is not set"
  },
  {
    "level": "INFO",
    "message": "sdkFolder is /home/kxd/Android/Sdk"
  },
  {
    "level": "INFO",
    "message": "Considering /home/kxd/Android/Sdk/ndk/16.1.4479499 by ndk.dir"
  },
  {
    "level": "INFO",
    "message": "Considering /home/kxd/Android/Sdk/ndk-bundle in SDK ndk-bundle folder"
  },
  {
    "level": "INFO",
    "message": "Considering /home/kxd/Android/Sdk/ndk/18.1.5063045 in SDK ndk folder"
  },
  {
    "level": "INFO",
    "message": "Considering /home/kxd/Android/Sdk/ndk/16.1.4479499 in SDK ndk folder"
  },
  {
    "level": "INFO",
    "message": "Rejected /home/kxd/Android/Sdk/ndk-bundle in SDK ndk-bundle folder because that location has no source.properties"
  },
  {
    "level": "INFO",
    "message": "Found requested ndk.dir (/home/kxd/Android/Sdk/ndk/16.1.4479499) which has version 16.1.4479499"
  }
]