[
  {
    "level": "INFO",
    "message": "android.ndkVersion from module build.gradle is not set"
  },
  {
    "level": "INFO",
    "message": "ndk.dir in local.properties is D:\\AndroidDevelopment\\ndk\\16.1.4479499"
  },
  {
    "level": "INFO",
    "message": "ANDROID_NDK_HOME environment variable is not set"
  },
  {
    "level": "INFO",
    "message": "sdkFolder is /home/kxd/Android/Sdk"
  },
  {
    "level": "INFO",
    "message": "Considering D:\\AndroidDevelopment\\ndk\\16.1.4479499 by ndk.dir"
  },
  {
    "level": "INFO",
    "message": "Considering /home/kxd/Android/Sdk/ndk-bundle in SDK ndk-bundle folder"
  },
  {
    "level": "INFO",
    "message": "Considering /home/kxd/Android/Sdk/ndk/16.1.4479499 in SDK ndk folder"
  },
  {
    "level": "INFO",
    "message": "Rejected D:\\AndroidDevelopment\\ndk\\16.1.4479499 by ndk.dir because that location has no source.properties"
  },
  {
    "level": "INFO",
    "message": "Rejected /home/kxd/Android/Sdk/ndk-bundle in SDK ndk-bundle folder because that location has no source.properties"
  },
  {
    "level": "ERROR",
    "message": "Location specified by ndk.dir (D:\\AndroidDevelopment\\ndk\\16.1.4479499) did not contain a valid NDK and and couldn\u0027t be used"
  },
  {
    "level": "INFO",
    "message": "Using /home/kxd/Android/Sdk/ndk/16.1.4479499 which is version 16.1.4479499 as fallback but build will fail"
  }
]